2019-06-17 23:05:38.734  INFO 11136 --- [restartedMain] c.jimmy.springboot.demo.DemoApplication  : Starting DemoApplication on WIN-7 with PID 11136 (D:\Code\project\java\springboot\springbootdemo\demo\target\classes started by Administrator in D:\Code\project\java\springboot\springbootdemo\demo)
2019-06-17 23:05:38.734  INFO 11136 --- [restartedMain] c.jimmy.springboot.demo.DemoApplication  : No active profile set, falling back to default profiles: default
2019-06-17 23:05:39.216  INFO 11136 --- [restartedMain] .s.d.r.c.RepositoryConfigurationDelegate : Bootstrapping Spring Data repositories in DEFAULT mode.
2019-06-17 23:05:39.284  INFO 11136 --- [restartedMain] .s.d.r.c.RepositoryConfigurationDelegate : Finished Spring Data repository scanning in 67ms. Found 2 repository interfaces.
2019-06-17 23:05:39.451  INFO 11136 --- [restartedMain] trationDelegate$BeanPostProcessorChecker : Bean 'org.springframework.transaction.annotation.ProxyTransactionManagementConfiguration' of type [org.springframework.transaction.annotation.ProxyTransactionManagementConfiguration$$EnhancerBySpringCGLIB$$682bbeaf] is not eligible for getting processed by all BeanPostProcessors (for example: not eligible for auto-proxying)
2019-06-17 23:05:39.822  INFO 11136 --- [restartedMain] o.s.b.w.embedded.tomcat.TomcatWebServer  : Tomcat initialized with port(s): 8081 (http)
2019-06-17 23:05:39.827  INFO 11136 --- [restartedMain] o.apache.catalina.core.StandardService   : Starting service [Tomcat]
2019-06-17 23:05:39.840  INFO 11136 --- [restartedMain] org.apache.catalina.core.StandardEngine  : Starting Servlet engine: [Apache Tomcat/9.0.19]
2019-06-17 23:05:40.238  INFO 11136 --- [restartedMain] o.a.c.c.C.[Tomcat].[localhost].[/]       : Initializing Spring embedded WebApplicationContext
2019-06-17 23:05:40.238 DEBUG 11136 --- [restartedMain] o.s.web.context.ContextLoader            : Published root WebApplicationContext as ServletContext attribute with name [org.springframework.web.context.WebApplicationContext.ROOT]
2019-06-17 23:05:40.238  INFO 11136 --- [restartedMain] o.s.web.context.ContextLoader            : Root WebApplicationContext: initialization completed in 1500 ms
2019-06-17 23:05:40.529  INFO 11136 --- [restartedMain] com.zaxxer.hikari.HikariDataSource       : HikariPool-2 - Starting...
2019-06-17 23:05:40.533  INFO 11136 --- [restartedMain] com.zaxxer.hikari.HikariDataSource       : HikariPool-2 - Start completed.
2019-06-17 23:05:40.604  INFO 11136 --- [restartedMain] j.LocalContainerEntityManagerFactoryBean : Initialized JPA EntityManagerFactory for persistence unit 'default'
2019-06-17 23:05:40.685 DEBUG 11136 --- [restartedMain] o.s.w.s.handler.SimpleUrlHandlerMapping  : Patterns [/**/favicon.ico] in 'faviconHandlerMapping'
2019-06-17 23:05:40.877  INFO 11136 --- [restartedMain] o.s.s.concurrent.ThreadPoolTaskExecutor  : Initializing ExecutorService 'applicationTaskExecutor'
2019-06-17 23:05:40.886 DEBUG 11136 --- [restartedMain] s.w.s.m.m.a.RequestMappingHandlerAdapter : ControllerAdvice beans: 0 @ModelAttribute, 0 @InitBinder, 1 RequestBodyAdvice, 1 ResponseBodyAdvice
2019-06-17 23:05:40.939  WARN 11136 --- [restartedMain] aWebConfiguration$JpaWebMvcConfiguration : spring.jpa.open-in-view is enabled by default. Therefore, database queries may be performed during view rendering. Explicitly configure spring.jpa.open-in-view to disable this warning
2019-06-17 23:05:40.954 DEBUG 11136 --- [restartedMain] s.w.s.m.m.a.RequestMappingHandlerMapping : 3 mappings in 'requestMappingHandlerMapping'
2019-06-17 23:05:40.966 DEBUG 11136 --- [restartedMain] o.s.w.s.handler.SimpleUrlHandlerMapping  : Patterns [/webjars/**, /**] in 'resourceHandlerMapping'
2019-06-17 23:05:40.975 DEBUG 11136 --- [restartedMain] .m.m.a.ExceptionHandlerExceptionResolver : ControllerAdvice beans: 0 @ExceptionHandler, 1 ResponseBodyAdvice
2019-06-17 23:05:40.989  INFO 11136 --- [restartedMain] o.s.b.a.w.s.WelcomePageHandlerMapping    : Adding welcome page: class path resource [static/index.html]
2019-06-17 23:05:41.073  INFO 11136 --- [restartedMain] o.s.b.d.a.OptionalLiveReloadServer       : LiveReload server is running on port 35729
2019-06-17 23:05:41.125  INFO 11136 --- [restartedMain] o.s.b.w.embedded.tomcat.TomcatWebServer  : Tomcat started on port(s): 8081 (http) with context path ''
2019-06-17 23:05:41.133  INFO 11136 --- [restartedMain] c.jimmy.springboot.demo.DemoApplication  : Started DemoApplication in 2.482 seconds (JVM running for 50.082)
2019-06-17 23:05:41.136  INFO 11136 --- [restartedMain] .ConditionEvaluationDeltaLoggingListener : Condition evaluation unchanged
2019-06-17 23:05:52.709  INFO 11136 --- [Thread-10] o.s.s.concurrent.ThreadPoolTaskExecutor  : Shutting down ExecutorService 'applicationTaskExecutor'
2019-06-17 23:05:52.710  INFO 11136 --- [Thread-10] j.LocalContainerEntityManagerFactoryBean : Closing JPA EntityManagerFactory for persistence unit 'default'
2019-06-17 23:05:52.711  INFO 11136 --- [Thread-10] com.zaxxer.hikari.HikariDataSource       : HikariPool-2 - Shutdown initiated...
2019-06-17 23:05:52.719  INFO 11136 --- [Thread-10] com.zaxxer.hikari.HikariDataSource       : HikariPool-2 - Shutdown completed.
2019-06-17 23:05:53.607  INFO 11136 --- [restartedMain] c.jimmy.springboot.demo.DemoApplication  : Starting DemoApplication on WIN-7 with PID 11136 (D:\Code\project\java\springboot\springbootdemo\demo\target\classes started by Administrator in D:\Code\project\java\springboot\springbootdemo\demo)
2019-06-17 23:05:53.610  INFO 11136 --- [restartedMain] c.jimmy.springboot.demo.DemoApplication  : No active profile set, falling back to default profiles: default
2019-06-17 23:05:54.241  INFO 11136 --- [restartedMain] .s.d.r.c.RepositoryConfigurationDelegate : Bootstrapping Spring Data repositories in DEFAULT mode.
2019-06-17 23:05:54.302  INFO 11136 --- [restartedMain] .s.d.r.c.RepositoryConfigurationDelegate : Finished Spring Data repository scanning in 60ms. Found 2 repository interfaces.
2019-06-17 23:05:54.476  INFO 11136 --- [restartedMain] trationDelegate$BeanPostProcessorChecker : Bean 'org.springframework.transaction.annotation.ProxyTransactionManagementConfiguration' of type [org.springframework.transaction.annotation.ProxyTransactionManagementConfiguration$$EnhancerBySpringCGLIB$$682bbeaf] is not eligible for getting processed by all BeanPostProcessors (for example: not eligible for auto-proxying)
2019-06-17 23:05:54.933  INFO 11136 --- [restartedMain] o.s.b.w.embedded.tomcat.TomcatWebServer  : Tomcat initialized with port(s): 8081 (http)
2019-06-17 23:05:54.935  INFO 11136 --- [restartedMain] o.apache.catalina.core.StandardService   : Starting service [Tomcat]
2019-06-17 23:05:54.935  INFO 11136 --- [restartedMain] org.apache.catalina.core.StandardEngine  : Starting Servlet engine: [Apache Tomcat/9.0.19]
2019-06-17 23:05:54.957  INFO 11136 --- [restartedMain] o.a.c.c.C.[Tomcat].[localhost].[/]       : Initializing Spring embedded WebApplicationContext
2019-06-17 23:05:54.957 DEBUG 11136 --- [restartedMain] o.s.web.context.ContextLoader            : Published root WebApplicationContext as ServletContext attribute with name [org.springframework.web.context.WebApplicationContext.ROOT]
2019-06-17 23:05:54.957  INFO 11136 --- [restartedMain] o.s.web.context.ContextLoader            : Root WebApplicationContext: initialization completed in 1344 ms
2019-06-17 23:05:55.095  INFO 11136 --- [restartedMain] com.zaxxer.hikari.HikariDataSource       : HikariPool-3 - Starting...
2019-06-17 23:05:55.099  INFO 11136 --- [restartedMain] com.zaxxer.hikari.HikariDataSource       : HikariPool-3 - Start completed.
2019-06-17 23:05:55.150  INFO 11136 --- [restartedMain] j.LocalContainerEntityManagerFactoryBean : Initialized JPA EntityManagerFactory for persistence unit 'default'
2019-06-17 23:05:55.351 DEBUG 11136 --- [restartedMain] o.s.w.s.handler.SimpleUrlHandlerMapping  : Patterns [/**/favicon.ico] in 'faviconHandlerMapping'
2019-06-17 23:05:55.487  INFO 11136 --- [restartedMain] o.s.s.concurrent.ThreadPoolTaskExecutor  : Initializing ExecutorService 'applicationTaskExecutor'
2019-06-17 23:05:55.493 DEBUG 11136 --- [restartedMain] s.w.s.m.m.a.RequestMappingHandlerAdapter : ControllerAdvice beans: 0 @ModelAttribute, 0 @InitBinder, 1 RequestBodyAdvice, 1 ResponseBodyAdvice
2019-06-17 23:05:55.495  WARN 11136 --- [restartedMain] aWebConfiguration$JpaWebMvcConfiguration : spring.jpa.open-in-view is enabled by default. Therefore, database queries may be performed during view rendering. Explicitly configure spring.jpa.open-in-view to disable this warning
2019-06-17 23:05:55.517 DEBUG 11136 --- [restartedMain] s.w.s.m.m.a.RequestMappingHandlerMapping : 3 mappings in 'requestMappingHandlerMapping'
2019-06-17 23:05:55.527 DEBUG 11136 --- [restartedMain] o.s.w.s.handler.SimpleUrlHandlerMapping  : Patterns [/webjars/**, /**] in 'resourceHandlerMapping'
2019-06-17 23:05:55.534 DEBUG 11136 --- [restartedMain] .m.m.a.ExceptionHandlerExceptionResolver : ControllerAdvice beans: 0 @ExceptionHandler, 1 ResponseBodyAdvice
2019-06-17 23:05:55.542  INFO 11136 --- [restartedMain] o.s.b.a.w.s.WelcomePageHandlerMapping    : Adding welcome page: class path resource [static/index.html]
2019-06-17 23:05:55.613  INFO 11136 --- [restartedMain] o.s.b.d.a.OptionalLiveReloadServer       : LiveReload server is running on port 35729
2019-06-17 23:05:55.641  INFO 11136 --- [restartedMain] o.s.b.w.embedded.tomcat.TomcatWebServer  : Tomcat started on port(s): 8081 (http) with context path ''
2019-06-17 23:05:55.642  INFO 11136 --- [restartedMain] c.jimmy.springboot.demo.DemoApplication  : Started DemoApplication in 2.182 seconds (JVM running for 64.591)
2019-06-17 23:05:55.645  INFO 11136 --- [restartedMain] .ConditionEvaluationDeltaLoggingListener : Condition evaluation unchanged
2019-06-17 23:06:31.705  INFO 11136 --- [Thread-16] o.s.s.concurrent.ThreadPoolTaskExecutor  : Shutting down ExecutorService 'applicationTaskExecutor'
2019-06-17 23:06:31.706  INFO 11136 --- [Thread-16] j.LocalContainerEntityManagerFactoryBean : Closing JPA EntityManagerFactory for persistence unit 'default'
2019-06-17 23:06:31.707  INFO 11136 --- [Thread-16] com.zaxxer.hikari.HikariDataSource       : HikariPool-3 - Shutdown initiated...
2019-06-17 23:06:31.715  INFO 11136 --- [Thread-16] com.zaxxer.hikari.HikariDataSource       : HikariPool-3 - Shutdown completed.
2019-06-17 23:06:32.108  INFO 11136 --- [restartedMain] c.jimmy.springboot.demo.DemoApplication  : Starting DemoApplication on WIN-7 with PID 11136 (D:\Code\project\java\springboot\springbootdemo\demo\target\classes started by Administrator in D:\Code\project\java\springboot\springbootdemo\demo)
2019-06-17 23:06:32.109  INFO 11136 --- [restartedMain] c.jimmy.springboot.demo.DemoApplication  : No active profile set, falling back to default profiles: default
2019-06-17 23:06:32.751  INFO 11136 --- [restartedMain] .s.d.r.c.RepositoryConfigurationDelegate : Bootstrapping Spring Data repositories in DEFAULT mode.
2019-06-17 23:06:32.774  INFO 11136 --- [restartedMain] .s.d.r.c.RepositoryConfigurationDelegate : Finished Spring Data repository scanning in 22ms. Found 2 repository interfaces.
2019-06-17 23:06:32.908  INFO 11136 --- [restartedMain] trationDelegate$BeanPostProcessorChecker : Bean 'org.springframework.transaction.annotation.ProxyTransactionManagementConfiguration' of type [org.springframework.transaction.annotation.ProxyTransactionManagementConfiguration$$EnhancerBySpringCGLIB$$682bbeaf] is not eligible for getting processed by all BeanPostProcessors (for example: not eligible for auto-proxying)
2019-06-17 23:06:33.104  INFO 11136 --- [restartedMain] o.s.b.w.embedded.tomcat.TomcatWebServer  : Tomcat initialized with port(s): 8081 (http)
2019-06-17 23:06:33.106  INFO 11136 --- [restartedMain] o.apache.catalina.core.StandardService   : Starting service [Tomcat]
2019-06-17 23:06:33.107  INFO 11136 --- [restartedMain] org.apache.catalina.core.StandardEngine  : Starting Servlet engine: [Apache Tomcat/9.0.19]
2019-06-17 23:06:33.130  INFO 11136 --- [restartedMain] o.a.c.c.C.[Tomcat].[localhost].[/]       : Initializing Spring embedded WebApplicationContext
2019-06-17 23:06:33.130 DEBUG 11136 --- [restartedMain] o.s.web.context.ContextLoader            : Published root WebApplicationContext as ServletContext attribute with name [org.springframework.web.context.WebApplicationContext.ROOT]
2019-06-17 23:06:33.130  INFO 11136 --- [restartedMain] o.s.web.context.ContextLoader            : Root WebApplicationContext: initialization completed in 1017 ms
2019-06-17 23:06:33.204  INFO 11136 --- [restartedMain] com.zaxxer.hikari.HikariDataSource       : HikariPool-4 - Starting...
2019-06-17 23:06:33.213  INFO 11136 --- [restartedMain] com.zaxxer.hikari.HikariDataSource       : HikariPool-4 - Start completed.
2019-06-17 23:06:33.301  INFO 11136 --- [restartedMain] j.LocalContainerEntityManagerFactoryBean : Initialized JPA EntityManagerFactory for persistence unit 'default'
2019-06-17 23:06:33.829 DEBUG 11136 --- [restartedMain] o.s.w.s.handler.SimpleUrlHandlerMapping  : Patterns [/**/favicon.ico] in 'faviconHandlerMapping'
2019-06-17 23:06:34.128  INFO 11136 --- [restartedMain] o.s.s.concurrent.ThreadPoolTaskExecutor  : Initializing ExecutorService 'applicationTaskExecutor'
2019-06-17 23:06:34.134 DEBUG 11136 --- [restartedMain] s.w.s.m.m.a.RequestMappingHandlerAdapter : ControllerAdvice beans: 0 @ModelAttribute, 0 @InitBinder, 1 RequestBodyAdvice, 1 ResponseBodyAdvice
2019-06-17 23:06:34.136  WARN 11136 --- [restartedMain] aWebConfiguration$JpaWebMvcConfiguration : spring.jpa.open-in-view is enabled by default. Therefore, database queries may be performed during view rendering. Explicitly configure spring.jpa.open-in-view to disable this warning
2019-06-17 23:06:34.182 DEBUG 11136 --- [restartedMain] s.w.s.m.m.a.RequestMappingHandlerMapping : 3 mappings in 'requestMappingHandlerMapping'
2019-06-17 23:06:34.310 DEBUG 11136 --- [restartedMain] o.s.w.s.handler.SimpleUrlHandlerMapping  : Patterns [/webjars/**, /**] in 'resourceHandlerMapping'
2019-06-17 23:06:34.342 DEBUG 11136 --- [restartedMain] .m.m.a.ExceptionHandlerExceptionResolver : ControllerAdvice beans: 0 @ExceptionHandler, 1 ResponseBodyAdvice
2019-06-17 23:06:34.530  INFO 11136 --- [restartedMain] o.s.b.a.w.s.WelcomePageHandlerMapping    : Adding welcome page: class path resource [static/index.html]
2019-06-17 23:06:34.702  INFO 11136 --- [restartedMain] o.s.b.d.a.OptionalLiveReloadServer       : LiveReload server is running on port 35729
2019-06-17 23:06:34.813  INFO 11136 --- [restartedMain] o.s.b.w.embedded.tomcat.TomcatWebServer  : Tomcat started on port(s): 8081 (http) with context path ''
2019-06-17 23:06:34.814  INFO 11136 --- [restartedMain] c.jimmy.springboot.demo.DemoApplication  : Started DemoApplication in 2.785 seconds (JVM running for 103.763)
2019-06-17 23:06:34.817  INFO 11136 --- [restartedMain] .ConditionEvaluationDeltaLoggingListener : Condition evaluation unchanged
2019-06-17 23:06:35.394  INFO 11136 --- [Thread-27] o.s.s.concurrent.ThreadPoolTaskExecutor  : Shutting down ExecutorService 'applicationTaskExecutor'
2019-06-17 23:06:35.395  INFO 11136 --- [Thread-27] j.LocalContainerEntityManagerFactoryBean : Closing JPA EntityManagerFactory for persistence unit 'default'
2019-06-17 23:06:35.396  INFO 11136 --- [Thread-27] com.zaxxer.hikari.HikariDataSource       : HikariPool-4 - Shutdown initiated...
2019-06-17 23:06:35.476  INFO 11136 --- [Thread-27] com.zaxxer.hikari.HikariDataSource       : HikariPool-4 - Shutdown completed.
2019-06-17 23:06:46.075  INFO 8912 --- [restartedMain] c.jimmy.springboot.demo.DemoApplication  : Starting DemoApplication on WIN-7 with PID 8912 (D:\Code\project\java\springboot\springbootdemo\demo\target\classes started by Administrator in D:\Code\project\java\springboot\springbootdemo\demo)
2019-06-17 23:06:46.135  INFO 8912 --- [restartedMain] c.jimmy.springboot.demo.DemoApplication  : No active profile set, falling back to default profiles: default
2019-06-17 23:06:46.271  INFO 8912 --- [restartedMain] .e.DevToolsPropertyDefaultsPostProcessor : Devtools property defaults active! Set 'spring.devtools.add-properties' to 'false' to disable
2019-06-17 23:06:46.273  INFO 8912 --- [restartedMain] .e.DevToolsPropertyDefaultsPostProcessor : For additional web related logging consider setting the 'logging.level.web' property to 'DEBUG'
2019-06-17 23:06:48.155  INFO 8912 --- [restartedMain] .s.d.r.c.RepositoryConfigurationDelegate : Bootstrapping Spring Data repositories in DEFAULT mode.
2019-06-17 23:06:48.365  INFO 8912 --- [restartedMain] .s.d.r.c.RepositoryConfigurationDelegate : Finished Spring Data repository scanning in 189ms. Found 2 repository interfaces.
2019-06-17 23:06:49.290  INFO 8912 --- [restartedMain] trationDelegate$BeanPostProcessorChecker : Bean 'org.springframework.transaction.annotation.ProxyTransactionManagementConfiguration' of type [org.springframework.transaction.annotation.ProxyTransactionManagementConfiguration$$EnhancerBySpringCGLIB$$ba974089] is not eligible for getting processed by all BeanPostProcessors (for example: not eligible for auto-proxying)
2019-06-17 23:06:50.287  INFO 8912 --- [restartedMain] o.s.b.w.embedded.tomcat.TomcatWebServer  : Tomcat initialized with port(s): 8081 (http)
2019-06-17 23:06:50.344  INFO 8912 --- [restartedMain] o.apache.catalina.core.StandardService   : Starting service [Tomcat]
2019-06-17 23:06:50.345  INFO 8912 --- [restartedMain] org.apache.catalina.core.StandardEngine  : Starting Servlet engine: [Apache Tomcat/9.0.19]
2019-06-17 23:06:50.712  INFO 8912 --- [restartedMain] o.a.c.c.C.[Tomcat].[localhost].[/]       : Initializing Spring embedded WebApplicationContext
2019-06-17 23:06:50.713 DEBUG 8912 --- [restartedMain] o.s.web.context.ContextLoader            : Published root WebApplicationContext as ServletContext attribute with name [org.springframework.web.context.WebApplicationContext.ROOT]
2019-06-17 23:06:50.714  INFO 8912 --- [restartedMain] o.s.web.context.ContextLoader            : Root WebApplicationContext: initialization completed in 4440 ms
2019-06-17 23:06:51.479  INFO 8912 --- [restartedMain] com.zaxxer.hikari.HikariDataSource       : HikariPool-1 - Starting...
2019-06-17 23:06:51.748  INFO 8912 --- [restartedMain] com.zaxxer.hikari.HikariDataSource       : HikariPool-1 - Start completed.
2019-06-17 23:06:54.827  INFO 8912 --- [restartedMain] j.LocalContainerEntityManagerFactoryBean : Initialized JPA EntityManagerFactory for persistence unit 'default'
2019-06-17 23:06:55.414 DEBUG 8912 --- [restartedMain] o.s.w.s.handler.SimpleUrlHandlerMapping  : Patterns [/**/favicon.ico] in 'faviconHandlerMapping'
2019-06-17 23:06:55.676  INFO 8912 --- [restartedMain] o.s.s.concurrent.ThreadPoolTaskExecutor  : Initializing ExecutorService 'applicationTaskExecutor'
2019-06-17 23:06:55.694 DEBUG 8912 --- [restartedMain] s.w.s.m.m.a.RequestMappingHandlerAdapter : ControllerAdvice beans: 0 @ModelAttribute, 0 @InitBinder, 1 RequestBodyAdvice, 1 ResponseBodyAdvice
2019-06-17 23:06:55.739  WARN 8912 --- [restartedMain] aWebConfiguration$JpaWebMvcConfiguration : spring.jpa.open-in-view is enabled by default. Therefore, database queries may be performed during view rendering. Explicitly configure spring.jpa.open-in-view to disable this warning
2019-06-17 23:06:55.780 DEBUG 8912 --- [restartedMain] s.w.s.m.m.a.RequestMappingHandlerMapping : 3 mappings in 'requestMappingHandlerMapping'
2019-06-17 23:06:55.794 DEBUG 8912 --- [restartedMain] o.s.w.s.handler.SimpleUrlHandlerMapping  : Patterns [/webjars/**, /**] in 'resourceHandlerMapping'
2019-06-17 23:06:55.808 DEBUG 8912 --- [restartedMain] .m.m.a.ExceptionHandlerExceptionResolver : ControllerAdvice beans: 0 @ExceptionHandler, 1 ResponseBodyAdvice
2019-06-17 23:06:55.837  INFO 8912 --- [restartedMain] o.s.b.a.w.s.WelcomePageHandlerMapping    : Adding welcome page: class path resource [static/index.html]
2019-06-17 23:06:55.998  INFO 8912 --- [restartedMain] o.s.b.d.a.OptionalLiveReloadServer       : LiveReload server is running on port 35729
2019-06-17 23:06:56.073  INFO 8912 --- [restartedMain] o.s.b.w.embedded.tomcat.TomcatWebServer  : Tomcat started on port(s): 8081 (http) with context path ''
2019-06-17 23:06:56.076  INFO 8912 --- [restartedMain] c.jimmy.springboot.demo.DemoApplication  : Started DemoApplication in 11.129 seconds (JVM running for 12.846)
2019-06-17 23:08:30.474  INFO 8912 --- [Thread-9] o.s.s.concurrent.ThreadPoolTaskExecutor  : Shutting down ExecutorService 'applicationTaskExecutor'
2019-06-17 23:08:30.475  INFO 8912 --- [Thread-9] j.LocalContainerEntityManagerFactoryBean : Closing JPA EntityManagerFactory for persistence unit 'default'
2019-06-17 23:08:30.479  INFO 8912 --- [Thread-9] com.zaxxer.hikari.HikariDataSource       : HikariPool-1 - Shutdown initiated...
2019-06-17 23:08:30.490  INFO 8912 --- [Thread-9] com.zaxxer.hikari.HikariDataSource       : HikariPool-1 - Shutdown completed.
2019-06-17 23:09:28.957  INFO 6928 --- [restartedMain] c.jimmy.springboot.demo.DemoApplication  : Starting DemoApplication on WIN-7 with PID 6928 (D:\Code\project\java\springboot\springbootdemo\demo\target\classes started by Administrator in D:\Code\project\java\springboot\springbootdemo\demo)
2019-06-17 23:09:28.957  INFO 6928 --- [restartedMain] c.jimmy.springboot.demo.DemoApplication  : No active profile set, falling back to default profiles: default
2019-06-17 23:09:29.614  INFO 6928 --- [restartedMain] .s.d.r.c.RepositoryConfigurationDelegate : Bootstrapping Spring Data repositories in DEFAULT mode.
2019-06-17 23:09:29.650  INFO 6928 --- [restartedMain] .s.d.r.c.RepositoryConfigurationDelegate : Finished Spring Data repository scanning in 35ms. Found 2 repository interfaces.
2019-06-17 23:09:29.902  INFO 6928 --- [restartedMain] trationDelegate$BeanPostProcessorChecker : Bean 'org.springframework.transaction.annotation.ProxyTransactionManagementConfiguration' of type [org.springframework.transaction.annotation.ProxyTransactionManagementConfiguration$$EnhancerBySpringCGLIB$$b5390c1a] is not eligible for getting processed by all BeanPostProcessors (for example: not eligible for auto-proxying)
2019-06-17 23:09:30.128  INFO 6928 --- [restartedMain] o.s.b.w.embedded.tomcat.TomcatWebServer  : Tomcat initialized with port(s): 8081 (http)
2019-06-17 23:09:30.129  INFO 6928 --- [restartedMain] o.apache.catalina.core.StandardService   : Starting service [Tomcat]
2019-06-17 23:09:30.130  INFO 6928 --- [restartedMain] org.apache.catalina.core.StandardEngine  : Starting Servlet engine: [Apache Tomcat/9.0.19]
2019-06-17 23:09:30.203  INFO 6928 --- [restartedMain] o.a.c.c.C.[Tomcat].[localhost].[/]       : Initializing Spring embedded WebApplicationContext
2019-06-17 23:09:30.203 DEBUG 6928 --- [restartedMain] o.s.web.context.ContextLoader            : Published root WebApplicationContext as ServletContext attribute with name [org.springframework.web.context.WebApplicationContext.ROOT]
2019-06-17 23:09:30.204  INFO 6928 --- [restartedMain] o.s.web.context.ContextLoader            : Root WebApplicationContext: initialization completed in 1243 ms
2019-06-17 23:09:30.411  INFO 6928 --- [restartedMain] com.zaxxer.hikari.HikariDataSource       : HikariPool-3 - Starting...
2019-06-17 23:09:30.422  INFO 6928 --- [restartedMain] com.zaxxer.hikari.HikariDataSource       : HikariPool-3 - Start completed.
2019-06-17 23:09:30.483  INFO 6928 --- [restartedMain] j.LocalContainerEntityManagerFactoryBean : Initialized JPA EntityManagerFactory for persistence unit 'default'
2019-06-17 23:09:30.610 DEBUG 6928 --- [restartedMain] o.s.w.s.handler.SimpleUrlHandlerMapping  : Patterns [/**/favicon.ico] in 'faviconHandlerMapping'
2019-06-17 23:09:30.768  INFO 6928 --- [restartedMain] o.s.s.concurrent.ThreadPoolTaskExecutor  : Initializing ExecutorService 'applicationTaskExecutor'
2019-06-17 23:09:30.776 DEBUG 6928 --- [restartedMain] s.w.s.m.m.a.RequestMappingHandlerAdapter : ControllerAdvice beans: 0 @ModelAttribute, 0 @InitBinder, 1 RequestBodyAdvice, 1 ResponseBodyAdvice
2019-06-17 23:09:30.778  WARN 6928 --- [restartedMain] aWebConfiguration$JpaWebMvcConfiguration : spring.jpa.open-in-view is enabled by default. Therefore, database queries may be performed during view rendering. Explicitly configure spring.jpa.open-in-view to disable this warning
2019-06-17 23:09:30.794 DEBUG 6928 --- [restartedMain] s.w.s.m.m.a.RequestMappingHandlerMapping : 3 mappings in 'requestMappingHandlerMapping'
2019-06-17 23:09:30.800 DEBUG 6928 --- [restartedMain] o.s.w.s.handler.SimpleUrlHandlerMapping  : Patterns [/webjars/**, /**] in 'resourceHandlerMapping'
2019-06-17 23:09:30.808 DEBUG 6928 --- [restartedMain] .m.m.a.ExceptionHandlerExceptionResolver : ControllerAdvice beans: 0 @ExceptionHandler, 1 ResponseBodyAdvice
2019-06-17 23:09:30.822  INFO 6928 --- [restartedMain] o.s.b.a.w.s.WelcomePageHandlerMapping    : Adding welcome page: class path resource [static/index.html]
2019-06-17 23:09:30.888  INFO 6928 --- [restartedMain] o.s.b.d.a.OptionalLiveReloadServer       : LiveReload server is running on port 35729
2019-06-17 23:09:30.912  INFO 6928 --- [restartedMain] o.s.b.w.embedded.tomcat.TomcatWebServer  : Tomcat started on port(s): 8081 (http) with context path ''
2019-06-17 23:09:30.914  INFO 6928 --- [restartedMain] c.jimmy.springboot.demo.DemoApplication  : Started DemoApplication in 2.011 seconds (JVM running for 56.337)
2019-06-17 23:09:30.919  INFO 6928 --- [restartedMain] .ConditionEvaluationDeltaLoggingListener : Condition evaluation unchanged
2019-06-17 23:10:18.829  INFO 6928 --- [Thread-16] o.s.s.concurrent.ThreadPoolTaskExecutor  : Shutting down ExecutorService 'applicationTaskExecutor'
2019-06-17 23:10:18.833  INFO 6928 --- [Thread-16] j.LocalContainerEntityManagerFactoryBean : Closing JPA EntityManagerFactory for persistence unit 'default'
2019-06-17 23:10:18.834  INFO 6928 --- [Thread-16] com.zaxxer.hikari.HikariDataSource       : HikariPool-3 - Shutdown initiated...
2019-06-17 23:10:18.844  INFO 6928 --- [Thread-16] com.zaxxer.hikari.HikariDataSource       : HikariPool-3 - Shutdown completed.
